<?xml version="1.0" encoding="UTF-8" standalone="no"?>
<testsuite failures="0" name="cucumber.runtime.formatter.JUnitFormatter" skipped="0" tests="1" time="0.270673">
    <testcase classname="Hooks and tagged hooks concept feature" name="Hooks and tagged hooks concept scenario-2" time="0.270673">
        <system-out>
            <![CDATA[Given scenario-2-given......................................................passed
When scenario-2-when........................................................passed
Then scenario-2-then........................................................passed
]]>
        </system-out>
    </testcase>
</testsuite>
